#
# There is insufficient memory for the Java Runtime Environment to continue.
# Native memory allocation (malloc) failed to allocate 1386816 bytes for Chunk::new
# Possible reasons:
#   The system is out of physical RAM or swap space
#   In 32 bit mode, the process size limit was hit
# Possible solutions:
#   Reduce memory load on the system
#   Increase physical memory or swap space
#   Check if swap backing store is full
#   Use 64 bit Java on a 64 bit OS
#   Decrease Java heap size (-Xmx/-Xms)
#   Decrease number of Java threads
#   Decrease Java thread stack sizes (-Xss)
#   Set larger code cache with -XX:ReservedCodeCacheSize=
# This output file may be truncated or incomplete.
#
#  Out of Memory Error (allocation.cpp:390), pid=3040, tid=3496
#
# JRE version: Java(TM) SE Runtime Environment (8.0_45-b15) (build 1.8.0_45-b15)
# Java VM: Java HotSpot(TM) 64-Bit Server VM (25.45-b02 mixed mode windows-amd64 compressed oops)
# Failed to write core dump. Minidumps are not enabled by default on client versions of Windows
#

---------------  T H R E A D  ---------------

Current thread (0x00000000083e8800):  JavaThread "C2 CompilerThread0" daemon [_thread_in_native, id=3496, stack(0x00000000089c0000,0x0000000008ac0000)]

Stack: [0x00000000089c0000,0x0000000008ac0000]
Native frames: (J=compiled Java code, j=interpreted, Vv=VM code, C=native code)
V  [jvm.dll+0x32b57a]


Current CompileTask:
C2:   7913 1640       4       com.android.dx.dex.code.OutputFinisher::addConstants (93 bytes)


---------------  P R O C E S S  ---------------

Java Threads: ( => current thread )
  0x000000000845e000 JavaThread "Service Thread" daemon [_thread_blocked, id=3872, stack(0x0000000008dc0000,0x0000000008ec0000)]
  0x00000000083f3800 JavaThread "C1 CompilerThread3" daemon [_thread_blocked, id=692, stack(0x0000000008cc0000,0x0000000008dc0000)]
  0x00000000083f0800 JavaThread "C2 CompilerThread2" daemon [_thread_in_native, id=5084, stack(0x0000000008bc0000,0x0000000008cc0000)]
  0x00000000083eb800 JavaThread "C2 CompilerThread1" daemon [_thread_in_native, id=6612, stack(0x0000000008ac0000,0x0000000008bc0000)]
=>0x00000000083e8800 JavaThread "C2 CompilerThread0" daemon [_thread_in_native, id=3496, stack(0x00000000089c0000,0x0000000008ac0000)]
  0x00000000083e6800 JavaThread "Attach Listener" daemon [_thread_blocked, id=7404, stack(0x00000000088c0000,0x00000000089c0000)]
  0x00000000083e5800 JavaThread "Signal Dispatcher" daemon [_thread_blocked, id=7472, stack(0x00000000087c0000,0x00000000088c0000)]
  0x00000000028b9000 JavaThread "Finalizer" daemon [_thread_blocked, id=7392, stack(0x00000000082c0000,0x00000000083c0000)]
  0x00000000028b2000 JavaThread "Reference Handler" daemon [_thread_blocked, id=7380, stack(0x00000000081c0000,0x00000000082c0000)]
  0x00000000027c0800 JavaThread "main" [_thread_in_Java, id=4112, stack(0x00000000026c0000,0x00000000027c0000)]

Other Threads:
  0x00000000063d9000 VMThread [stack: 0x00000000080c0000,0x00000000081c0000] [id=7292]
  0x0000000008462000 WatcherThread [stack: 0x0000000008ec0000,0x0000000008fc0000] [id=6024]

VM state:not at safepoint (normal execution)

VM Mutex/Monitor currently owned by a thread: None

Heap:
 PSYoungGen      total 38400K, used 35240K [0x00000000eab00000, 0x00000000ef600000, 0x0000000100000000)
  eden space 33280K, 90% used [0x00000000eab00000,0x00000000ec86c400,0x00000000ecb80000)
  from space 5120K, 99% used [0x00000000ecb80000,0x00000000ed07dfc0,0x00000000ed080000)
  to   space 5120K, 0% used [0x00000000ef100000,0x00000000ef100000,0x00000000ef600000)
 ParOldGen       total 87552K, used 1610K [0x00000000c0000000, 0x00000000c5580000, 0x00000000eab00000)
  object space 87552K, 1% used [0x00000000c0000000,0x00000000c0192a78,0x00000000c5580000)
 Metaspace       used 5830K, capacity 7024K, committed 7296K, reserved 1056768K
  class space    used 560K, capacity 616K, committed 640K, reserved 1048576K

Card table byte_map: [0x0000000002c80000,0x0000000002e90000] byte_map_base: 0x0000000002680000

Marking Bits: (ParMarkBitMap*) 0x0000000068bc4040
 Begin Bits: [0x00000000037f0000, 0x00000000047f0000)
 End Bits:   [0x00000000047f0000, 0x00000000057f0000)

Polling page: 0x00000000025d0000

CodeCache: size=245760Kb used=7318Kb max_used=7331Kb free=238441Kb
 bounds [0x000000000f010000, 0x000000000f750000, 0x000000001e010000]
 total_blobs=1911 nmethods=1646 adapters=178
 compilation: enabled

Compilation events (10 events):
Event: 7.881 Thread 0x00000000083f0800 1645       4       java.util.HashMap::newNode (13 bytes)
Event: 7.881 Thread 0x00000000083f3800 nmethod 1644 0x000000000f7391d0 code [0x000000000f739440, 0x000000000f73a6f8]
Event: 7.882 Thread 0x00000000083f0800 nmethod 1645 0x000000000f737c50 code [0x000000000f737da0, 0x000000000f737eb8]
Event: 7.884 Thread 0x00000000083f3800 1646       1       java.util.HashMap::afterNodeAccess (1 bytes)
Event: 7.884 Thread 0x00000000083f3800 nmethod 1646 0x000000000f732e90 code [0x000000000f732fe0, 0x000000000f7330f0]
Event: 7.885 Thread 0x00000000083f3800 1647       3       com.android.dx.dex.code.StdCatchBuilder::hasAnyCatches (57 bytes)
Event: 7.885 Thread 0x00000000083f0800 1648       4       java.util.HashMap::putVal (300 bytes)
Event: 7.885 Thread 0x00000000083f3800 nmethod 1647 0x000000000f73c650 code [0x000000000f73c840, 0x000000000f73d578]
Event: 7.895 Thread 0x00000000083f0800 nmethod 1648 0x000000000f73f990 code [0x000000000f73fb40, 0x000000000f7402f8]
Event: 7.896 Thread 0x00000000083f0800 1649   !   4       com.android.dx.rop.cst.CstType::intern (48 bytes)

GC Heap History (2 events):
Event: 3.733 GC heap before
{Heap before GC invocations=1 (full 0):
 PSYoungGen      total 38400K, used 33280K [0x00000000eab00000, 0x00000000ed580000, 0x0000000100000000)
  eden space 33280K, 100% used [0x00000000eab00000,0x00000000ecb80000,0x00000000ecb80000)
  from space 5120K, 0% used [0x00000000ed080000,0x00000000ed080000,0x00000000ed580000)
  to   space 5120K, 0% used [0x00000000ecb80000,0x00000000ecb80000,0x00000000ed080000)
 ParOldGen       total 87552K, used 0K [0x00000000c0000000, 0x00000000c5580000, 0x00000000eab00000)
  object space 87552K, 0% used [0x00000000c0000000,0x00000000c0000000,0x00000000c5580000)
 Metaspace       used 5697K, capacity 6960K, committed 7040K, reserved 1056768K
  class space    used 553K, capacity 616K, committed 640K, reserved 1048576K
Event: 3.919 GC heap after
Heap after GC invocations=1 (full 0):
 PSYoungGen      total 38400K, used 5111K [0x00000000eab00000, 0x00000000ef600000, 0x0000000100000000)
  eden space 33280K, 0% used [0x00000000eab00000,0x00000000eab00000,0x00000000ecb80000)
  from space 5120K, 99% used [0x00000000ecb80000,0x00000000ed07dfc0,0x00000000ed080000)
  to   space 5120K, 0% used [0x00000000ef100000,0x00000000ef100000,0x00000000ef600000)
 ParOldGen       total 87552K, used 1610K [0x00000000c0000000, 0x00000000c5580000, 0x00000000eab00000)
  object space 87552K, 1% used [0x00000000c0000000,0x00000000c0192a78,0x00000000c5580000)
 Metaspace       used 5697K, capacity 6960K, committed 7040K, reserved 1056768K
  class space    used 553K, capacity 616K, committed 640K, reserved 1048576K
}

Deoptimization events (10 events):
Event: 7.820 Thread 0x00000000027c0800 Uncommon trap: reason=bimorphic action=maybe_recompile pc=0x000000000f2e2f44 method=java.util.HashMap.getNode(ILjava/lang/Object;)Ljava/util/HashMap$Node; @ 126
Event: 7.820 Thread 0x00000000027c0800 Uncommon trap: reason=bimorphic action=maybe_recompile pc=0x000000000f2dfa74 method=java.util.HashMap.getNode(ILjava/lang/Object;)Ljava/util/HashMap$Node; @ 126
Event: 7.820 Thread 0x00000000027c0800 Uncommon trap: reason=class_check action=maybe_recompile pc=0x000000000f4bd604 method=java.util.HashMap.putVal(ILjava/lang/Object;Ljava/lang/Object;ZZ)Ljava/lang/Object; @ 203
Event: 7.820 Thread 0x00000000027c0800 Uncommon trap: reason=class_check action=maybe_recompile pc=0x000000000f4bd604 method=java.util.HashMap.putVal(ILjava/lang/Object;Ljava/lang/Object;ZZ)Ljava/lang/Object; @ 203
Event: 7.820 Thread 0x00000000027c0800 Uncommon trap: reason=class_check action=maybe_recompile pc=0x000000000f4bd604 method=java.util.HashMap.putVal(ILjava/lang/Object;Ljava/lang/Object;ZZ)Ljava/lang/Object; @ 203
Event: 7.824 Thread 0x00000000027c0800 Uncommon trap: reason=class_check action=maybe_recompile pc=0x000000000f4bd604 method=java.util.HashMap.putVal(ILjava/lang/Object;Ljava/lang/Object;ZZ)Ljava/lang/Object; @ 203
Event: 7.861 Thread 0x00000000027c0800 Uncommon trap: reason=bimorphic action=maybe_recompile pc=0x000000000f7360b8 method=java.util.HashMap.putVal(ILjava/lang/Object;Ljava/lang/Object;ZZ)Ljava/lang/Object; @ 203
Event: 7.861 Thread 0x00000000027c0800 Uncommon trap: reason=bimorphic action=maybe_recompile pc=0x000000000f7360b8 method=java.util.HashMap.putVal(ILjava/lang/Object;Ljava/lang/Object;ZZ)Ljava/lang/Object; @ 203
Event: 7.878 Thread 0x00000000027c0800 Uncommon trap: reason=bimorphic action=maybe_recompile pc=0x000000000f7360b8 method=java.util.HashMap.putVal(ILjava/lang/Object;Ljava/lang/Object;ZZ)Ljava/lang/Object; @ 203
Event: 7.878 Thread 0x00000000027c0800 Uncommon trap: reason=bimorphic action=maybe_recompile pc=0x000000000f7360b8 method=java.util.HashMap.putVal(ILjava/lang/Object;Ljava/lang/Object;ZZ)Ljava/lang/Object; @ 203

Internal exceptions (6 events):
Event: 0.052 Thread 0x00000000027c0800 Exception <a 'java/lang/NoSuchMethodError': Method sun.misc.Unsafe.defineClass(Ljava/lang/String;[BII)Ljava/lang/Class; name or signature does not match> (0x00000000eab12e88) thrown at [C:\re\workspace\8-2-build-windows-amd64-cygwin\jdk8u45\3627\hotspot\sr¨ø °LÌª?
Event: 0.052 Thread 0x00000000027c0800 Exception <a 'java/lang/NoSuchMethodError': Method sun.misc.Unsafe.prefetchRead(Ljava/lang/Object;J)V name or signature does not match> (0x00000000eab13118) thrown at [C:\re\workspace\8-2-build-windows-amd64-cygwin\jdk8u45\3627\hotspot\src\share\vm\prims\j°*&ãþ.ý?
Event: 1.824 Thread 0x00000000027c0800 Implicit null exception at 0x000000000f353391 to 0x000000000f355805
Event: 3.194 Thread 0x00000000027c0800 Implicit null exception at 0x000000000f463d62 to 0x000000000f463e52
Event: 7.230 Thread 0x00000000027c0800 Implicit null exception at 0x000000000f59bb2c to 0x000000000f59cf45
Event: 7.233 Thread 0x00000000027c0800 Implicit null exception at 0x000000000f597afe to 0x000000000f598ffd

Events (10 events):
Event: 7.861 Thread 0x00000000027c0800 DEOPT UNPACKING pc=0x000000000f05582a sp=0x00000000027bef68 mode 2
Event: 7.861 Thread 0x00000000027c0800 Uncommon trap: trap_request=0xffffffc6 fr.pc=0x000000000f7360b8
Event: 7.861 Thread 0x00000000027c0800 DEOPT PACKING pc=0x000000000f7360b8 sp=0x00000000027befe0
Event: 7.861 Thread 0x00000000027c0800 DEOPT UNPACKING pc=0x000000000f05582a sp=0x00000000027bef68 mode 2
Event: 7.878 Thread 0x00000000027c0800 Uncommon trap: trap_request=0xffffffc6 fr.pc=0x000000000f7360b8
Event: 7.878 Thread 0x00000000027c0800 DEOPT PACKING pc=0x000000000f7360b8 sp=0x00000000027befe0
Event: 7.878 Thread 0x00000000027c0800 DEOPT UNPACKING pc=0x000000000f05582a sp=0x00000000027bef68 mode 2
Event: 7.878 Thread 0x00000000027c0800 Uncommon trap: trap_request=0xffffffc6 fr.pc=0x000000000f7360b8
Event: 7.878 Thread 0x00000000027c0800 DEOPT PACKING pc=0x000000000f7360b8 sp=0x00000000027befe0
Event: 7.878 Thread 0x00000000027c0800 DEOPT UNPACKING pc=0x000000000f05582a sp=0x00000000027bef68 mode 2


Dynamic libraries:
0x00007ff7b4250000 - 0x00007ff7b4287000 	C:\Program Files\Java\jdk1.8.0_45\bin\java.exe
0x00007ffdabab0000 - 0x00007ffdabc5c000 	C:\Windows\SYSTEM32\ntdll.dll
0x00007ffdab080000 - 0x00007ffdab1be000 	C:\Windows\system32\KERNEL32.DLL
0x00007ffda8cd0000 - 0x00007ffda8de5000 	C:\Windows\system32\KERNELBASE.dll
0x00007ffda7750000 - 0x00007ffda77de000 	C:\Windows\system32\apphelp.dll
0x00007ffd9d510000 - 0x00007ffd9d563000 	C:\Windows\AppPatch\AppPatch64\AcGenral.DLL
0x00007ffdab320000 - 0x00007ffdab3ca000 	C:\Windows\system32\msvcrt.dll
0x00007ffda89e0000 - 0x00007ffda8a0e000 	C:\Windows\SYSTEM32\SspiCli.dll
0x00007ffda9830000 - 0x00007ffda9884000 	C:\Windows\system32\SHLWAPI.dll
0x00007ffda9420000 - 0x00007ffda9597000 	C:\Windows\system32\USER32.dll
0x00007ffda9130000 - 0x00007ffda92c4000 	C:\Windows\system32\ole32.dll
0x00007ffda9aa0000 - 0x00007ffdaafb8000 	C:\Windows\system32\SHELL32.dll
0x00007ffda8150000 - 0x00007ffda8171000 	C:\Windows\SYSTEM32\USERENV.dll
0x00007ffda9890000 - 0x00007ffda993a000 	C:\Windows\system32\ADVAPI32.dll
0x00007ffda2fb0000 - 0x00007ffda2fce000 	C:\Windows\SYSTEM32\MPR.dll
0x00007ffdab3d0000 - 0x00007ffdab511000 	C:\Windows\system32\RPCRT4.dll
0x00007ffdaba50000 - 0x00007ffdabaa9000 	C:\Windows\SYSTEM32\sechost.dll
0x00007ffda9610000 - 0x00007ffda9821000 	C:\Windows\SYSTEM32\combase.dll
0x00007ffdab1c0000 - 0x00007ffdab311000 	C:\Windows\system32\GDI32.dll
0x00007ffda8c00000 - 0x00007ffda8c15000 	C:\Windows\SYSTEM32\profapi.dll
0x00007ffda7100000 - 0x00007ffda71b2000 	C:\Windows\SYSTEM32\SHCORE.dll
0x00007ffda92f0000 - 0x00007ffda9326000 	C:\Windows\system32\IMM32.DLL
0x00007ffda9940000 - 0x00007ffda9a92000 	C:\Windows\system32\MSCTF.dll
0x00007ffda8bb0000 - 0x00007ffda8be1000 	C:\Windows\system32\nvinitx.dll
0x00007ffda8ba0000 - 0x00007ffda8baa000 	C:\Windows\SYSTEM32\VERSION.dll
0x000000000f000000 - 0x000000000f006000 	C:\Program Files\NVIDIA Corporation\CoProcManager\_etoured.dll
0x00007ffda6ae0000 - 0x00007ffda6b11000 	C:\Program Files\NVIDIA Corporation\CoProcManager\nvd3d9wrapx.dll
0x00007ffdab520000 - 0x00007ffdab6fa000 	C:\Windows\system32\SETUPAPI.dll
0x00007ffda8f00000 - 0x00007ffda8f4f000 	C:\Windows\system32\CFGMGR32.dll
0x00007ffda6a20000 - 0x00007ffda6a42000 	C:\Program Files\NVIDIA Corporation\CoProcManager\nvdxgiwrapx.dll
0x00007ffda6c80000 - 0x00007ffda6efb000 	C:\Windows\WinSxS\amd64_microsoft.windows.common-controls_6595b64144ccf1df_6.0.9600.17784_none_624760d1ecb7236e\COMCTL32.dll
0x0000000067e60000 - 0x0000000067f32000 	C:\Program Files\Java\jdk1.8.0_45\jre\bin\msvcr100.dll
0x00000000683c0000 - 0x0000000068c43000 	C:\Program Files\Java\jdk1.8.0_45\jre\bin\server\jvm.dll
0x00007ffd9fe80000 - 0x00007ffd9fe89000 	C:\Windows\SYSTEM32\WSOCK32.dll
0x00007ffda6620000 - 0x00007ffda6642000 	C:\Windows\SYSTEM32\WINMM.dll
0x00007ffda92e0000 - 0x00007ffda92e7000 	C:\Windows\system32\PSAPI.DLL
0x00007ffdaafc0000 - 0x00007ffdab01a000 	C:\Windows\system32\WS2_32.dll
0x00007ffda6570000 - 0x00007ffda659a000 	C:\Windows\SYSTEM32\WINMMBASE.dll
0x00007ffdaba40000 - 0x00007ffdaba49000 	C:\Windows\system32\NSI.dll
0x00007ffda79a0000 - 0x00007ffda79c8000 	C:\Windows\SYSTEM32\DEVOBJ.dll
0x00000000682d0000 - 0x00000000682df000 	C:\Program Files\Java\jdk1.8.0_45\jre\bin\verify.dll
0x00000000682a0000 - 0x00000000682c9000 	C:\Program Files\Java\jdk1.8.0_45\jre\bin\java.dll
0x0000000068280000 - 0x0000000068296000 	C:\Program Files\Java\jdk1.8.0_45\jre\bin\zip.dll
0x00007ffda3850000 - 0x00007ffda39d9000 	C:\Windows\SYSTEM32\dbghelp.dll

VM Arguments:
jvm_args: -Xmx1024M -Dfile.encoding=windows-1251 -Duser.country=US -Duser.language=en -Duser.variant 
java_command: com.android.dx.command.Main --dex --output D:\AndroidNanodegree\SpotifyStreamer\app\build\intermediates\pre-dexed\debug\retrofit-1.9.0-8f6de242f11559e09dcef29d5a618e13ac100ba5.jar C:\Users\Georgi\.gradle\caches\modules-2\files-2.1\com.squareup.retrofit\retrofit\1.9.0\a681c044244d9fc375198588297a39ba78028423\retrofit-1.9.0.jar
java_class_path (initial): D:\android-sdk\build-tools\22.0.1\lib\dx.jar
Launcher Type: SUN_STANDARD

Environment Variables:
PATH=C:\ProgramData\Oracle\Java\javapath;C:\Windows\system32;C:\Windows;C:\Windows\System32\Wbem;C:\Windows\System32\WindowsPowerShell\v1.0\;C:\Program Files\Intel\WiFi\bin\;C:\Program Files\Common Files\Intel\WirelessCommon\;C:\Program Files (x86)\NVIDIA Corporation\PhysX\Common;D:\android-sdk\platform-tools;D:\android-sdk\tools;C:\Program Files (x86)\Skype\Phone\;C:\Program Files\Intel\WiFi\bin\;C:\Program Files\Common Files\Intel\WirelessCommon\
USERNAME=Georgi
OS=Windows_NT
PROCESSOR_IDENTIFIER=Intel64 Family 6 Model 58 Stepping 9, GenuineIntel



---------------  S Y S T E M  ---------------

OS: Windows 8.1 , 64 bit Build 9600 (6.3.9600.17415)

CPU:total 8 (4 cores per cpu, 2 threads per core) family 6 model 58 stepping 9, cmov, cx8, fxsr, mmx, sse, sse2, sse3, ssse3, sse4.1, sse4.2, popcnt, avx, aes, clmul, erms, ht, tsc, tscinvbit, tscinv

Memory: 4k page, physical 8271456k(1465288k free), swap 9320032k(9240k free)

vm_info: Java HotSpot(TM) 64-Bit Server VM (25.45-b02) for windows-amd64 JRE (1.8.0_45-b15), built on Apr 30 2015 12:40:44 by "java_re" with MS VC++ 10.0 (VS2010)

time: Thu Jun 11 02:37:17 2015
elapsed time: 7 seconds (0d 0h 0m 7s)

