#
# There is insufficient memory for the Java Runtime Environment to continue.
# Native memory allocation (malloc) failed to allocate 2237456 bytes for Chunk::new
# Possible reasons:
#   The system is out of physical RAM or swap space
#   In 32 bit mode, the process size limit was hit
# Possible solutions:
#   Reduce memory load on the system
#   Increase physical memory or swap space
#   Check if swap backing store is full
#   Use 64 bit Java on a 64 bit OS
#   Decrease Java heap size (-Xmx/-Xms)
#   Decrease number of Java threads
#   Decrease Java thread stack sizes (-Xss)
#   Set larger code cache with -XX:ReservedCodeCacheSize=
# This output file may be truncated or incomplete.
#
#  Out of Memory Error (allocation.cpp:390), pid=7240, tid=7456
#
# JRE version: Java(TM) SE Runtime Environment (8.0_45-b15) (build 1.8.0_45-b15)
# Java VM: Java HotSpot(TM) 64-Bit Server VM (25.45-b02 mixed mode windows-amd64 compressed oops)
# Failed to write core dump. Minidumps are not enabled by default on client versions of Windows
#

---------------  T H R E A D  ---------------

Current thread (0x00000000086fc800):  JavaThread "C2 CompilerThread1" daemon [_thread_in_native, id=7456, stack(0x0000000008dd0000,0x0000000008ed0000)]

Stack: [0x0000000008dd0000,0x0000000008ed0000]
Native frames: (J=compiled Java code, j=interpreted, Vv=VM code, C=native code)
V  [jvm.dll+0x32b57a]
V  [jvm.dll+0x279873]
V  [jvm.dll+0x27a509]
V  [jvm.dll+0x271825]
V  [jvm.dll+0xcb9e2]
V  [jvm.dll+0xcbeac]
V  [jvm.dll+0x476ef2]
V  [jvm.dll+0x4b955f]
V  [jvm.dll+0x46bf81]
V  [jvm.dll+0x46ccbe]
V  [jvm.dll+0x4500f2]
V  [jvm.dll+0xa4352]
V  [jvm.dll+0xa4c8f]
V  [jvm.dll+0x241984]
V  [jvm.dll+0x29853a]
C  [msvcr100.dll+0x21d9f]
C  [msvcr100.dll+0x21e3b]
C  [KERNEL32.DLL+0x13d2]
C  [ntdll.dll+0x15444]


Current CompileTask:
C2:   3890 1450   !   4       com.android.dx.cf.cst.ConstantPoolParser::parse0 (731 bytes)


---------------  P R O C E S S  ---------------

Java Threads: ( => current thread )
  0x0000000008709000 JavaThread "Service Thread" daemon [_thread_blocked, id=7468, stack(0x00000000090d0000,0x00000000091d0000)]
  0x0000000008703000 JavaThread "C1 CompilerThread3" daemon [_thread_blocked, id=7464, stack(0x0000000008fd0000,0x00000000090d0000)]
  0x00000000086ff800 JavaThread "C2 CompilerThread2" daemon [_thread_in_native, id=7460, stack(0x0000000008ed0000,0x0000000008fd0000)]
=>0x00000000086fc800 JavaThread "C2 CompilerThread1" daemon [_thread_in_native, id=7456, stack(0x0000000008dd0000,0x0000000008ed0000)]
  0x00000000086fa000 JavaThread "C2 CompilerThread0" daemon [_thread_in_native, id=7452, stack(0x0000000008cd0000,0x0000000008dd0000)]
  0x00000000086f8000 JavaThread "Attach Listener" daemon [_thread_blocked, id=7448, stack(0x0000000008bd0000,0x0000000008cd0000)]
  0x00000000086f5800 JavaThread "Signal Dispatcher" daemon [_thread_blocked, id=7444, stack(0x0000000008ad0000,0x0000000008bd0000)]
  0x0000000002bc3000 JavaThread "Finalizer" daemon [_thread_blocked, id=7440, stack(0x00000000085d0000,0x00000000086d0000)]
  0x0000000002bc2000 JavaThread "Reference Handler" daemon [_thread_blocked, id=7436, stack(0x00000000084d0000,0x00000000085d0000)]
  0x0000000002ad0800 JavaThread "main" [_thread_in_Java, id=7388, stack(0x00000000028f0000,0x00000000029f0000)]

Other Threads:
  0x00000000066e9000 VMThread [stack: 0x00000000083d0000,0x00000000084d0000] [id=7432]
  0x000000000870a000 WatcherThread [stack: 0x00000000091d0000,0x00000000092d0000] [id=7472]

VM state:not at safepoint (normal execution)

VM Mutex/Monitor currently owned by a thread: None

Heap:
 PSYoungGen      total 38400K, used 31925K [0x00000000eab00000, 0x00000000ef600000, 0x0000000100000000)
  eden space 33280K, 80% used [0x00000000eab00000,0x00000000ec532bb0,0x00000000ecb80000)
  from space 5120K, 99% used [0x00000000ecb80000,0x00000000ed07aab8,0x00000000ed080000)
  to   space 5120K, 0% used [0x00000000ef100000,0x00000000ef100000,0x00000000ef600000)
 ParOldGen       total 87552K, used 1981K [0x00000000c0000000, 0x00000000c5580000, 0x00000000eab00000)
  object space 87552K, 2% used [0x00000000c0000000,0x00000000c01ef470,0x00000000c5580000)
 Metaspace       used 5797K, capacity 7024K, committed 7296K, reserved 1056768K
  class space    used 556K, capacity 616K, committed 640K, reserved 1048576K

Card table byte_map: [0x0000000002f90000,0x00000000031a0000] byte_map_base: 0x0000000002990000

Marking Bits: (ParMarkBitMap*) 0x0000000068bc4040
 Begin Bits: [0x0000000003b00000, 0x0000000004b00000)
 End Bits:   [0x0000000004b00000, 0x0000000005b00000)

Polling page: 0x0000000001150000

CodeCache: size=245760Kb used=6365Kb max_used=6370Kb free=239394Kb
 bounds [0x000000000f010000, 0x000000000f650000, 0x000000001e010000]
 total_blobs=1767 nmethods=1502 adapters=178
 compilation: enabled

Compilation events (10 events):
Event: 3.842 Thread 0x0000000008703000 1515       1       com.android.dx.ssa.MoveParamCombiner$1::visitPhiInsn (1 bytes)
Event: 3.842 Thread 0x0000000008703000 nmethod 1515 0x000000000f6405d0 code [0x000000000f640720, 0x000000000f640830]
Event: 3.845 Thread 0x0000000008703000 1516       3       com.android.dx.rop.code.ThrowingInsn::accept (8 bytes)
Event: 3.845 Thread 0x0000000008703000 nmethod 1516 0x000000000f64bf90 code [0x000000000f64c100, 0x000000000f64c328]
Event: 3.848 Thread 0x0000000008703000 1517       3       com.android.dx.rop.type.Type::isReference (15 bytes)
Event: 3.848 Thread 0x0000000008703000 nmethod 1517 0x000000000f6401d0 code [0x000000000f640320, 0x000000000f6404d0]
Event: 3.849 Thread 0x0000000008703000 1518       3       com.android.dx.cf.code.OneLocalsArray::set (10 bytes)
Event: 3.849 Thread 0x0000000008703000 nmethod 1518 0x000000000f64bb10 code [0x000000000f64bc80, 0x000000000f64bec8]
Event: 3.849 Thread 0x0000000008703000 1519       3       com.android.dx.rop.code.RegisterSpec::getFrameType (10 bytes)
Event: 3.849 Thread 0x0000000008703000 nmethod 1519 0x000000000f64b6d0 code [0x000000000f64b840, 0x000000000f64ba68]

GC Heap History (2 events):
Event: 2.900 GC heap before
{Heap before GC invocations=1 (full 0):
 PSYoungGen      total 38400K, used 33280K [0x00000000eab00000, 0x00000000ed580000, 0x0000000100000000)
  eden space 33280K, 100% used [0x00000000eab00000,0x00000000ecb80000,0x00000000ecb80000)
  from space 5120K, 0% used [0x00000000ed080000,0x00000000ed080000,0x00000000ed580000)
  to   space 5120K, 0% used [0x00000000ecb80000,0x00000000ecb80000,0x00000000ed080000)
 ParOldGen       total 87552K, used 0K [0x00000000c0000000, 0x00000000c5580000, 0x00000000eab00000)
  object space 87552K, 0% used [0x00000000c0000000,0x00000000c0000000,0x00000000c5580000)
 Metaspace       used 5688K, capacity 6960K, committed 7040K, reserved 1056768K
  class space    used 554K, capacity 616K, committed 640K, reserved 1048576K
Event: 3.211 GC heap after
Heap after GC invocations=1 (full 0):
 PSYoungGen      total 38400K, used 5098K [0x00000000eab00000, 0x00000000ef600000, 0x0000000100000000)
  eden space 33280K, 0% used [0x00000000eab00000,0x00000000eab00000,0x00000000ecb80000)
  from space 5120K, 99% used [0x00000000ecb80000,0x00000000ed07aab8,0x00000000ed080000)
  to   space 5120K, 0% used [0x00000000ef100000,0x00000000ef100000,0x00000000ef600000)
 ParOldGen       total 87552K, used 1981K [0x00000000c0000000, 0x00000000c5580000, 0x00000000eab00000)
  object space 87552K, 2% used [0x00000000c0000000,0x00000000c01ef470,0x00000000c5580000)
 Metaspace       used 5688K, capacity 6960K, committed 7040K, reserved 1056768K
  class space    used 554K, capacity 616K, committed 640K, reserved 1048576K
}

Deoptimization events (10 events):
Event: 3.335 Thread 0x0000000002ad0800 Uncommon trap: reason=bimorphic action=maybe_recompile pc=0x000000000f5636f4 method=com.android.dx.cf.code.BytecodeArray.parseInstruction(ILcom/android/dx/cf/code/BytecodeArray$Visitor;)I @ 1035
Event: 3.335 Thread 0x0000000002ad0800 Uncommon trap: reason=bimorphic action=maybe_recompile pc=0x000000000f5636f4 method=com.android.dx.cf.code.BytecodeArray.parseInstruction(ILcom/android/dx/cf/code/BytecodeArray$Visitor;)I @ 1035
Event: 3.485 Thread 0x0000000002ad0800 Uncommon trap: reason=unstable_if action=reinterpret pc=0x000000000f49b3b8 method=com.android.dx.cf.code.Ropper.labelToResultIndex(I)I @ 34
Event: 3.487 Thread 0x0000000002ad0800 Uncommon trap: reason=unstable_if action=reinterpret pc=0x000000000f4c3220 method=com.android.dx.util.LabeledList.set(ILcom/android/dx/util/LabeledItem;)V @ 16
Event: 3.525 Thread 0x0000000002ad0800 Uncommon trap: reason=null_check action=make_not_entrant pc=0x000000000f3243e8 method=com.android.dx.ssa.SsaRenamer.getLocalForNewReg(I)Lcom/android/dx/rop/code/LocalItem; @ 19
Event: 3.535 Thread 0x0000000002ad0800 Uncommon trap: reason=class_check action=maybe_recompile pc=0x000000000f4a05dc method=java.util.HashMap.putVal(ILjava/lang/Object;Ljava/lang/Object;ZZ)Ljava/lang/Object; @ 203
Event: 3.632 Thread 0x0000000002ad0800 Uncommon trap: reason=null_check action=make_not_entrant pc=0x000000000f31d190 method=com.android.dx.ssa.SsaRenamer.getLocalForNewReg(I)Lcom/android/dx/rop/code/LocalItem; @ 19
Event: 3.677 Thread 0x0000000002ad0800 Uncommon trap: reason=bimorphic action=maybe_recompile pc=0x000000000f5e5338 method=com.android.dx.cf.code.BytecodeArray.parseInstruction(ILcom/android/dx/cf/code/BytecodeArray$Visitor;)I @ 1549
Event: 3.677 Thread 0x0000000002ad0800 Uncommon trap: reason=bimorphic action=maybe_recompile pc=0x000000000f5e5338 method=com.android.dx.cf.code.BytecodeArray.parseInstruction(ILcom/android/dx/cf/code/BytecodeArray$Visitor;)I @ 1549
Event: 3.762 Thread 0x0000000002ad0800 Uncommon trap: reason=unstable_if action=reinterpret pc=0x000000000f549200 method=com.android.dx.ssa.SCCP.simulateStmt(Lcom/android/dx/ssa/SsaInsn;)V @ 53

Internal exceptions (5 events):
Event: 0.492 Thread 0x0000000002ad0800 Exception <a 'java/lang/NoSuchMethodError': Method sun.misc.Unsafe.defineClass(Ljava/lang/String;[BII)Ljava/lang/Class; name or signature does not match> (0x00000000eab12f10) thrown at [C:\re\workspace\8-2-build-windows-amd64-cygwin\jdk8u45\3627\hotspot\srJ”G#zﬂ?
Event: 0.492 Thread 0x0000000002ad0800 Exception <a 'java/lang/NoSuchMethodError': Method sun.misc.Unsafe.prefetchRead(Ljava/lang/Object;J)V name or signature does not match> (0x00000000eab131a0) thrown at [C:\re\workspace\8-2-build-windows-amd64-cygwin\jdk8u45\3627\hotspot\src\share\vm\prims\jdDE)SŒ@
Event: 2.726 Thread 0x0000000002ad0800 Implicit null exception at 0x000000000f4fd0a2 to 0x000000000f4fd192
Event: 3.525 Thread 0x0000000002ad0800 Implicit null exception at 0x000000000f321f8c to 0x000000000f3243a1
Event: 3.632 Thread 0x0000000002ad0800 Implicit null exception at 0x000000000f31b114 to 0x000000000f31d165

Events (10 events):
Event: 3.632 Thread 0x0000000002ad0800 DEOPT UNPACKING pc=0x000000000f05582a sp=0x00000000029ee1f8 mode 2
Event: 3.677 Thread 0x0000000002ad0800 Uncommon trap: trap_request=0xffffffc6 fr.pc=0x000000000f5e5338
Event: 3.677 Thread 0x0000000002ad0800 DEOPT PACKING pc=0x000000000f5e5338 sp=0x00000000029ee450
Event: 3.677 Thread 0x0000000002ad0800 DEOPT UNPACKING pc=0x000000000f05582a sp=0x00000000029ee3e0 mode 2
Event: 3.677 Thread 0x0000000002ad0800 Uncommon trap: trap_request=0xffffffc6 fr.pc=0x000000000f5e5338
Event: 3.677 Thread 0x0000000002ad0800 DEOPT PACKING pc=0x000000000f5e5338 sp=0x00000000029ee450
Event: 3.677 Thread 0x0000000002ad0800 DEOPT UNPACKING pc=0x000000000f05582a sp=0x00000000029ee3e0 mode 2
Event: 3.762 Thread 0x0000000002ad0800 Uncommon trap: trap_request=0xffffff65 fr.pc=0x000000000f549200
Event: 3.762 Thread 0x0000000002ad0800 DEOPT PACKING pc=0x000000000f549200 sp=0x00000000029ee460
Event: 3.762 Thread 0x0000000002ad0800 DEOPT UNPACKING pc=0x000000000f05582a sp=0x00000000029ee458 mode 2


Dynamic libraries:
0x00007ff7b4250000 - 0x00007ff7b4287000 	C:\Program Files\Java\jdk1.8.0_45\bin\java.exe
0x00007ffdabab0000 - 0x00007ffdabc5c000 	C:\Windows\SYSTEM32\ntdll.dll
0x00007ffdab080000 - 0x00007ffdab1be000 	C:\Windows\system32\KERNEL32.DLL
0x00007ffda8cd0000 - 0x00007ffda8de5000 	C:\Windows\system32\KERNELBASE.dll
0x00007ffda7750000 - 0x00007ffda77de000 	C:\Windows\system32\apphelp.dll
0x00007ffd9d510000 - 0x00007ffd9d563000 	C:\Windows\AppPatch\AppPatch64\AcGenral.DLL
0x00007ffdab320000 - 0x00007ffdab3ca000 	C:\Windows\system32\msvcrt.dll
0x00007ffda89e0000 - 0x00007ffda8a0e000 	C:\Windows\SYSTEM32\SspiCli.dll
0x00007ffda9830000 - 0x00007ffda9884000 	C:\Windows\system32\SHLWAPI.dll
0x00007ffda9420000 - 0x00007ffda9597000 	C:\Windows\system32\USER32.dll
0x00007ffda9130000 - 0x00007ffda92c4000 	C:\Windows\system32\ole32.dll
0x00007ffda9aa0000 - 0x00007ffdaafb8000 	C:\Windows\system32\SHELL32.dll
0x00007ffda8150000 - 0x00007ffda8171000 	C:\Windows\SYSTEM32\USERENV.dll
0x00007ffda9890000 - 0x00007ffda993a000 	C:\Windows\system32\ADVAPI32.dll
0x00007ffda2fb0000 - 0x00007ffda2fce000 	C:\Windows\SYSTEM32\MPR.dll
0x00007ffdab3d0000 - 0x00007ffdab511000 	C:\Windows\system32\RPCRT4.dll
0x00007ffdaba50000 - 0x00007ffdabaa9000 	C:\Windows\SYSTEM32\sechost.dll
0x00007ffda9610000 - 0x00007ffda9821000 	C:\Windows\SYSTEM32\combase.dll
0x00007ffdab1c0000 - 0x00007ffdab311000 	C:\Windows\system32\GDI32.dll
0x00007ffda8c00000 - 0x00007ffda8c15000 	C:\Windows\SYSTEM32\profapi.dll
0x00007ffda7100000 - 0x00007ffda71b2000 	C:\Windows\SYSTEM32\SHCORE.dll
0x00007ffda92f0000 - 0x00007ffda9326000 	C:\Windows\system32\IMM32.DLL
0x00007ffda9940000 - 0x00007ffda9a92000 	C:\Windows\system32\MSCTF.dll
0x00007ffda8bb0000 - 0x00007ffda8be1000 	C:\Windows\system32\nvinitx.dll
0x00007ffda8ba0000 - 0x00007ffda8baa000 	C:\Windows\SYSTEM32\VERSION.dll
0x000000000f000000 - 0x000000000f006000 	C:\Program Files\NVIDIA Corporation\CoProcManager\_etoured.dll
0x00007ffda6ae0000 - 0x00007ffda6b11000 	C:\Program Files\NVIDIA Corporation\CoProcManager\nvd3d9wrapx.dll
0x00007ffdab520000 - 0x00007ffdab6fa000 	C:\Windows\system32\SETUPAPI.dll
0x00007ffda8f00000 - 0x00007ffda8f4f000 	C:\Windows\system32\CFGMGR32.dll
0x00007ffda6a20000 - 0x00007ffda6a42000 	C:\Program Files\NVIDIA Corporation\CoProcManager\nvdxgiwrapx.dll
0x00007ffda6c80000 - 0x00007ffda6efb000 	C:\Windows\WinSxS\amd64_microsoft.windows.common-controls_6595b64144ccf1df_6.0.9600.17784_none_624760d1ecb7236e\COMCTL32.dll
0x0000000067e60000 - 0x0000000067f32000 	C:\Program Files\Java\jdk1.8.0_45\jre\bin\msvcr100.dll
0x00000000683c0000 - 0x0000000068c43000 	C:\Program Files\Java\jdk1.8.0_45\jre\bin\server\jvm.dll
0x00007ffd9fe80000 - 0x00007ffd9fe89000 	C:\Windows\SYSTEM32\WSOCK32.dll
0x00007ffda6620000 - 0x00007ffda6642000 	C:\Windows\SYSTEM32\WINMM.dll
0x00007ffda92e0000 - 0x00007ffda92e7000 	C:\Windows\system32\PSAPI.DLL
0x00007ffdaafc0000 - 0x00007ffdab01a000 	C:\Windows\system32\WS2_32.dll
0x00007ffda6570000 - 0x00007ffda659a000 	C:\Windows\SYSTEM32\WINMMBASE.dll
0x00007ffdaba40000 - 0x00007ffdaba49000 	C:\Windows\system32\NSI.dll
0x00007ffda79a0000 - 0x00007ffda79c8000 	C:\Windows\SYSTEM32\DEVOBJ.dll
0x00000000682d0000 - 0x00000000682df000 	C:\Program Files\Java\jdk1.8.0_45\jre\bin\verify.dll
0x00000000682a0000 - 0x00000000682c9000 	C:\Program Files\Java\jdk1.8.0_45\jre\bin\java.dll
0x0000000068280000 - 0x0000000068296000 	C:\Program Files\Java\jdk1.8.0_45\jre\bin\zip.dll
0x00007ffda3850000 - 0x00007ffda39d9000 	C:\Windows\SYSTEM32\dbghelp.dll

VM Arguments:
jvm_args: -Xmx1024M -Dfile.encoding=windows-1251 -Duser.country=US -Duser.language=en -Duser.variant 
java_command: com.android.dx.command.Main --dex --output D:\AndroidNanodegree\SpotifyStreamer\app\build\intermediates\pre-dexed\debug\classes-a9a18b151590d7a05c72f7547c25f216c6f4e84a.jar D:\AndroidNanodegree\SpotifyStreamer\app\build\intermediates\exploded-aar\com.android.support\design\22.2.0\jars\classes.jar
java_class_path (initial): D:\android-sdk\build-tools\22.0.1\lib\dx.jar
Launcher Type: SUN_STANDARD

Environment Variables:
PATH=C:\ProgramData\Oracle\Java\javapath;C:\Windows\system32;C:\Windows;C:\Windows\System32\Wbem;C:\Windows\System32\WindowsPowerShell\v1.0\;C:\Program Files\Intel\WiFi\bin\;C:\Program Files\Common Files\Intel\WirelessCommon\;C:\Program Files (x86)\NVIDIA Corporation\PhysX\Common;D:\android-sdk\platform-tools;D:\android-sdk\tools;C:\Program Files (x86)\Skype\Phone\;C:\Program Files\Intel\WiFi\bin\;C:\Program Files\Common Files\Intel\WirelessCommon\
USERNAME=Georgi
OS=Windows_NT
PROCESSOR_IDENTIFIER=Intel64 Family 6 Model 58 Stepping 9, GenuineIntel



---------------  S Y S T E M  ---------------

OS: Windows 8.1 , 64 bit Build 9600 (6.3.9600.17415)

CPU:total 8 (4 cores per cpu, 2 threads per core) family 6 model 58 stepping 9, cmov, cx8, fxsr, mmx, sse, sse2, sse3, ssse3, sse4.1, sse4.2, popcnt, avx, aes, clmul, erms, ht, tsc, tscinvbit, tscinv

Memory: 4k page, physical 8271456k(1455208k free), swap 9320032k(10844k free)

vm_info: Java HotSpot(TM) 64-Bit Server VM (25.45-b02) for windows-amd64 JRE (1.8.0_45-b15), built on Apr 30 2015 12:40:44 by "java_re" with MS VC++ 10.0 (VS2010)

time: Thu Jun 11 02:36:45 2015
elapsed time: 3 seconds (0d 0h 0m 3s)

