#
# There is insufficient memory for the Java Runtime Environment to continue.
# Native memory allocation (malloc) failed to allocate 1427936 bytes for Chunk::new
# Possible reasons:
#   The system is out of physical RAM or swap space
#   In 32 bit mode, the process size limit was hit
# Possible solutions:
#   Reduce memory load on the system
#   Increase physical memory or swap space
#   Check if swap backing store is full
#   Use 64 bit Java on a 64 bit OS
#   Decrease Java heap size (-Xmx/-Xms)
#   Decrease number of Java threads
#   Decrease Java thread stack sizes (-Xss)
#   Set larger code cache with -XX:ReservedCodeCacheSize=
# This output file may be truncated or incomplete.
#
#  Out of Memory Error (allocation.cpp:390), pid=3300, tid=3336
#
# JRE version: Java(TM) SE Runtime Environment (8.0_45-b15) (build 1.8.0_45-b15)
# Java VM: Java HotSpot(TM) 64-Bit Server VM (25.45-b02 mixed mode windows-amd64 compressed oops)
# Failed to write core dump. Minidumps are not enabled by default on client versions of Windows
#

---------------  T H R E A D  ---------------

Current thread (0x0000000008998000):  JavaThread "C2 CompilerThread0" daemon [_thread_in_native, id=3336, stack(0x0000000008f70000,0x0000000009070000)]

Stack: [0x0000000008f70000,0x0000000009070000]
Native frames: (J=compiled Java code, j=interpreted, Vv=VM code, C=native code)
V  [jvm.dll+0x32b57a]
V  [jvm.dll+0x279873]
V  [jvm.dll+0x27a509]
V  [jvm.dll+0x271825]
V  [jvm.dll+0xcb9e2]
V  [jvm.dll+0xcbeac]
V  [jvm.dll+0x476ef2]
V  [jvm.dll+0x4b955f]
V  [jvm.dll+0x46b6b5]
V  [jvm.dll+0x46ccbe]
V  [jvm.dll+0x4500f2]
V  [jvm.dll+0xa4352]
V  [jvm.dll+0xa4c8f]
V  [jvm.dll+0x241984]
V  [jvm.dll+0x29853a]
C  [msvcr100.dll+0x21d9f]
C  [msvcr100.dll+0x21e3b]
C  [KERNEL32.DLL+0x13d2]
C  [ntdll.dll+0x15444]


Current CompileTask:
C2:  12038 1981       4       com.android.dx.dex.code.OutputFinisher::addConstants (93 bytes)


---------------  P R O C E S S  ---------------

Java Threads: ( => current thread )
  0x0000000008a10000 JavaThread "Service Thread" daemon [_thread_blocked, id=7100, stack(0x0000000009370000,0x0000000009470000)]
  0x00000000089dd000 JavaThread "C1 CompilerThread3" daemon [_thread_blocked, id=6864, stack(0x0000000009270000,0x0000000009370000)]
  0x00000000089ba800 JavaThread "C2 CompilerThread2" daemon [_thread_in_vm, id=5368, stack(0x0000000009170000,0x0000000009270000)]
  0x000000000899b800 JavaThread "C2 CompilerThread1" daemon [_thread_in_native, id=4300, stack(0x0000000009070000,0x0000000009170000)]
=>0x0000000008998000 JavaThread "C2 CompilerThread0" daemon [_thread_in_native, id=3336, stack(0x0000000008f70000,0x0000000009070000)]
  0x0000000008996000 JavaThread "Attach Listener" daemon [_thread_blocked, id=4800, stack(0x0000000008e70000,0x0000000008f70000)]
  0x00000000069be800 JavaThread "Signal Dispatcher" daemon [_thread_blocked, id=996, stack(0x0000000008d70000,0x0000000008e70000)]
  0x0000000002e83000 JavaThread "Finalizer" daemon [_thread_blocked, id=6064, stack(0x0000000008870000,0x0000000008970000)]
  0x0000000002e82000 JavaThread "Reference Handler" daemon [_thread_blocked, id=4772, stack(0x0000000008770000,0x0000000008870000)]
  0x0000000002d90800 JavaThread "main" [_thread_in_Java, id=4500, stack(0x0000000002bf0000,0x0000000002cf0000)]

Other Threads:
  0x00000000069a9000 VMThread [stack: 0x0000000008670000,0x0000000008770000] [id=4180]
  0x0000000008a13800 WatcherThread [stack: 0x0000000009470000,0x0000000009570000] [id=4008]

VM state:not at safepoint (normal execution)

VM Mutex/Monitor currently owned by a thread: None

Heap:
 PSYoungGen      total 71680K, used 47509K [0x00000000eab00000, 0x00000000f3700000, 0x0000000100000000)
  eden space 66560K, 63% used [0x00000000eab00000,0x00000000ed46c868,0x00000000eec00000)
  from space 5120K, 99% used [0x00000000eec00000,0x00000000ef0f8cd8,0x00000000ef100000)
  to   space 5120K, 0% used [0x00000000f3200000,0x00000000f3200000,0x00000000f3700000)
 ParOldGen       total 87552K, used 15334K [0x00000000c0000000, 0x00000000c5580000, 0x00000000eab00000)
  object space 87552K, 17% used [0x00000000c0000000,0x00000000c0ef9850,0x00000000c5580000)
 Metaspace       used 6028K, capacity 7152K, committed 7296K, reserved 1056768K
  class space    used 582K, capacity 616K, committed 640K, reserved 1048576K

Card table byte_map: [0x0000000003250000,0x0000000003460000] byte_map_base: 0x0000000002c50000

Marking Bits: (ParMarkBitMap*) 0x0000000068bc4040
 Begin Bits: [0x0000000003dc0000, 0x0000000004dc0000)
 End Bits:   [0x0000000004dc0000, 0x0000000005dc0000)

Polling page: 0x0000000001410000

CodeCache: size=245760Kb used=10227Kb max_used=10251Kb free=235532Kb
 bounds [0x000000000f010000, 0x000000000fa20000, 0x000000001e010000]
 total_blobs=2232 nmethods=1967 adapters=178
 compilation: enabled

Compilation events (10 events):
Event: 11.971 Thread 0x00000000089dd000 1988       3       java.util.HashMap::keySet (27 bytes)
Event: 11.972 Thread 0x00000000089dd000 nmethod 1988 0x000000000f9fd7d0 code [0x000000000f9fd960, 0x000000000f9fdd10]
Event: 11.972 Thread 0x00000000089dd000 1989       3       java.util.HashMap$KeySet::iterator (12 bytes)
Event: 11.972 Thread 0x00000000089dd000 nmethod 1989 0x000000000f9f9610 code [0x000000000f9f9780, 0x000000000f9f99e8]
Event: 11.973 Thread 0x00000000089dd000 1991       3       com.android.dx.dex.file.DebugInfoItem::<init> (36 bytes)
Event: 11.973 Thread 0x00000000089dd000 nmethod 1991 0x000000000fa056d0 code [0x000000000fa05840, 0x000000000fa05b18]
Event: 11.975 Thread 0x000000000899b800 nmethod 1903 0x000000000fa05c10 code [0x000000000fa06160, 0x000000000fa09440]
Event: 11.976 Thread 0x000000000899b800 1990       4       java.util.HashMap$HashIterator::nextNode (100 bytes)
Event: 11.980 Thread 0x000000000899b800 nmethod 1990 0x000000000f9fdfd0 code [0x000000000f9fe120, 0x000000000f9fe358]
Event: 11.980 Thread 0x000000000899b800 1982       4       com.android.dx.dex.code.OutputFinisher::addConstants (68 bytes)

GC Heap History (6 events):
Event: 3.562 GC heap before
{Heap before GC invocations=1 (full 0):
 PSYoungGen      total 38400K, used 33280K [0x00000000eab00000, 0x00000000ed580000, 0x0000000100000000)
  eden space 33280K, 100% used [0x00000000eab00000,0x00000000ecb80000,0x00000000ecb80000)
  from space 5120K, 0% used [0x00000000ed080000,0x00000000ed080000,0x00000000ed580000)
  to   space 5120K, 0% used [0x00000000ecb80000,0x00000000ecb80000,0x00000000ed080000)
 ParOldGen       total 87552K, used 0K [0x00000000c0000000, 0x00000000c5580000, 0x00000000eab00000)
  object space 87552K, 0% used [0x00000000c0000000,0x00000000c0000000,0x00000000c5580000)
 Metaspace       used 5610K, capacity 6896K, committed 7040K, reserved 1056768K
  class space    used 549K, capacity 616K, committed 640K, reserved 1048576K
Event: 3.996 GC heap after
Heap after GC invocations=1 (full 0):
 PSYoungGen      total 38400K, used 5105K [0x00000000eab00000, 0x00000000ef600000, 0x0000000100000000)
  eden space 33280K, 0% used [0x00000000eab00000,0x00000000eab00000,0x00000000ecb80000)
  from space 5120K, 99% used [0x00000000ecb80000,0x00000000ed07c738,0x00000000ed080000)
  to   space 5120K, 0% used [0x00000000ef100000,0x00000000ef100000,0x00000000ef600000)
 ParOldGen       total 87552K, used 1293K [0x00000000c0000000, 0x00000000c5580000, 0x00000000eab00000)
  object space 87552K, 1% used [0x00000000c0000000,0x00000000c0143678,0x00000000c5580000)
 Metaspace       used 5610K, capacity 6896K, committed 7040K, reserved 1056768K
  class space    used 549K, capacity 616K, committed 640K, reserved 1048576K
}
Event: 6.095 GC heap before
{Heap before GC invocations=2 (full 0):
 PSYoungGen      total 38400K, used 38385K [0x00000000eab00000, 0x00000000ef600000, 0x0000000100000000)
  eden space 33280K, 100% used [0x00000000eab00000,0x00000000ecb80000,0x00000000ecb80000)
  from space 5120K, 99% used [0x00000000ecb80000,0x00000000ed07c738,0x00000000ed080000)
  to   space 5120K, 0% used [0x00000000ef100000,0x00000000ef100000,0x00000000ef600000)
 ParOldGen       total 87552K, used 1293K [0x00000000c0000000, 0x00000000c5580000, 0x00000000eab00000)
  object space 87552K, 1% used [0x00000000c0000000,0x00000000c0143678,0x00000000c5580000)
 Metaspace       used 5756K, capacity 7024K, committed 7296K, reserved 1056768K
  class space    used 551K, capacity 616K, committed 640K, reserved 1048576K
Event: 6.346 GC heap after
Heap after GC invocations=2 (full 0):
 PSYoungGen      total 71680K, used 5118K [0x00000000eab00000, 0x00000000ef600000, 0x0000000100000000)
  eden space 66560K, 0% used [0x00000000eab00000,0x00000000eab00000,0x00000000eec00000)
  from space 5120K, 99% used [0x00000000ef100000,0x00000000ef5ff8c0,0x00000000ef600000)
  to   space 5120K, 0% used [0x00000000eec00000,0x00000000eec00000,0x00000000ef100000)
 ParOldGen       total 87552K, used 6076K [0x00000000c0000000, 0x00000000c5580000, 0x00000000eab00000)
  object space 87552K, 6% used [0x00000000c0000000,0x00000000c05ef1a0,0x00000000c5580000)
 Metaspace       used 5756K, capacity 7024K, committed 7296K, reserved 1056768K
  class space    used 551K, capacity 616K, committed 640K, reserved 1048576K
}
Event: 10.623 GC heap before
{Heap before GC invocations=3 (full 0):
 PSYoungGen      total 71680K, used 71678K [0x00000000eab00000, 0x00000000ef600000, 0x0000000100000000)
  eden space 66560K, 100% used [0x00000000eab00000,0x00000000eec00000,0x00000000eec00000)
  from space 5120K, 99% used [0x00000000ef100000,0x00000000ef5ff8c0,0x00000000ef600000)
  to   space 5120K, 0% used [0x00000000eec00000,0x00000000eec00000,0x00000000ef100000)
 ParOldGen       total 87552K, used 6076K [0x00000000c0000000, 0x00000000c5580000, 0x00000000eab00000)
  object space 87552K, 6% used [0x00000000c0000000,0x00000000c05ef1a0,0x00000000c5580000)
 Metaspace       used 5913K, capacity 7088K, committed 7296K, reserved 1056768K
  class space    used 576K, capacity 616K, committed 640K, reserved 1048576K
Event: 11.067 GC heap after
Heap after GC invocations=3 (full 0):
 PSYoungGen      total 71680K, used 5091K [0x00000000eab00000, 0x00000000f3700000, 0x0000000100000000)
  eden space 66560K, 0% used [0x00000000eab00000,0x00000000eab00000,0x00000000eec00000)
  from space 5120K, 99% used [0x00000000eec00000,0x00000000ef0f8cd8,0x00000000ef100000)
  to   space 5120K, 0% used [0x00000000f3200000,0x00000000f3200000,0x00000000f3700000)
 ParOldGen       total 87552K, used 15334K [0x00000000c0000000, 0x00000000c5580000, 0x00000000eab00000)
  object space 87552K, 17% used [0x00000000c0000000,0x00000000c0ef9850,0x00000000c5580000)
 Metaspace       used 5913K, capacity 7088K, committed 7296K, reserved 1056768K
  class space    used 576K, capacity 616K, committed 640K, reserved 1048576K
}

Deoptimization events (10 events):
Event: 11.828 Thread 0x0000000002d90800 Uncommon trap: reason=class_check action=maybe_recompile pc=0x000000000f8e8f18 method=com.android.dx.ssa.back.FirstFitLocalCombiningAllocator.findNextUnreservedRopReg(IILcom/android/dx/ssa/back/FirstFitLocalCombiningAllocator$Alignment;)I @ 60
Event: 11.828 Thread 0x0000000002d90800 Uncommon trap: reason=unstable_if action=reinterpret pc=0x000000000f701fd4 method=java.util.HashMap.putVal(ILjava/lang/Object;Ljava/lang/Object;ZZ)Ljava/lang/Object; @ 162
Event: 11.831 Thread 0x0000000002d90800 Uncommon trap: reason=class_check action=maybe_recompile pc=0x000000000f8e8f18 method=com.android.dx.ssa.back.FirstFitLocalCombiningAllocator.findNextUnreservedRopReg(IILcom/android/dx/ssa/back/FirstFitLocalCombiningAllocator$Alignment;)I @ 60
Event: 11.842 Thread 0x0000000002d90800 Uncommon trap: reason=class_check action=maybe_recompile pc=0x000000000f8af87c method=com.android.dx.ssa.back.FirstFitLocalCombiningAllocator.findNextUnreservedRopReg(IILcom/android/dx/ssa/back/FirstFitLocalCombiningAllocator$Alignment;)I @ 60
Event: 11.852 Thread 0x0000000002d90800 Uncommon trap: reason=class_check action=maybe_recompile pc=0x000000000f8af87c method=com.android.dx.ssa.back.FirstFitLocalCombiningAllocator.findNextUnreservedRopReg(IILcom/android/dx/ssa/back/FirstFitLocalCombiningAllocator$Alignment;)I @ 60
Event: 11.903 Thread 0x0000000002d90800 Uncommon trap: reason=class_check action=maybe_recompile pc=0x000000000f4adec8 method=java.util.Arrays.hashCode([Ljava/lang/Object;)I @ 43
Event: 11.903 Thread 0x0000000002d90800 Uncommon trap: reason=class_check action=maybe_recompile pc=0x000000000f4adec8 method=java.util.Arrays.hashCode([Ljava/lang/Object;)I @ 43
Event: 11.903 Thread 0x0000000002d90800 Uncommon trap: reason=class_check action=maybe_recompile pc=0x000000000f4adec8 method=java.util.Arrays.hashCode([Ljava/lang/Object;)I @ 43
Event: 11.903 Thread 0x0000000002d90800 Uncommon trap: reason=class_check action=maybe_recompile pc=0x000000000f4adec8 method=java.util.Arrays.hashCode([Ljava/lang/Object;)I @ 43
Event: 11.903 Thread 0x0000000002d90800 Uncommon trap: reason=class_check action=maybe_recompile pc=0x000000000f4ae728 method=java.util.Arrays.hashCode([Ljava/lang/Object;)I @ 43

Internal exceptions (8 events):
Event: 0.043 Thread 0x0000000002d90800 Exception <a 'java/lang/NoSuchMethodError': Method sun.misc.Unsafe.defineClass(Ljava/lang/String;[BII)Ljava/lang/Class; name or signature does not match> (0x00000000eab12f10) thrown at [C:\re\workspace\8-2-build-windows-amd64-cygwin\jdk8u45\3627\hotspot\srŸÿ%E¦?
Event: 0.043 Thread 0x0000000002d90800 Exception <a 'java/lang/NoSuchMethodError': Method sun.misc.Unsafe.prefetchRead(Ljava/lang/Object;J)V name or signature does not match> (0x00000000eab131a0) thrown at [C:\re\workspace\8-2-build-windows-amd64-cygwin\jdk8u45\3627\hotspot\src\share\vm\prims\j¬Ž#ð^4ø?
Event: 1.513 Thread 0x0000000002d90800 Implicit null exception at 0x000000000f357cd0 to 0x000000000f35a135
Event: 1.751 Thread 0x0000000002d90800 Implicit null exception at 0x000000000f30f814 to 0x000000000f31187d
Event: 8.653 Thread 0x0000000002d90800 Exception <a 'java/lang/ArrayIndexOutOfBoundsException': 18> (0x00000000ed7370e0) thrown at [C:\re\workspace\8-2-build-windows-amd64-cygwin\jdk8u45\3627\hotspot\src\share\vm\interpreter\interpreterRuntime.cpp, line 366]
Event: 8.653 Thread 0x0000000002d90800 Exception <a 'java/lang/ArrayIndexOutOfBoundsException': 145> (0x00000000ed738bb0) thrown at [C:\re\workspace\8-2-build-windows-amd64-cygwin\jdk8u45\3627\hotspot\src\share\vm\interpreter\interpreterRuntime.cpp, line 366]
Event: 8.654 Thread 0x0000000002d90800 Exception <a 'java/lang/ArrayIndexOutOfBoundsException'> (0x00000000ed739de8) thrown at [C:\re\workspace\8-2-build-windows-amd64-cygwin\jdk8u45\3627\hotspot\src\share\vm\runtime\sharedRuntime.cpp, line 605]
Event: 11.393 Thread 0x0000000002d90800 Implicit null exception at 0x000000000f893f82 to 0x000000000f896e41

Events (10 events):
Event: 11.903 Thread 0x0000000002d90800 DEOPT PACKING pc=0x000000000f4ae728 sp=0x0000000002ceeab0
Event: 11.903 Thread 0x0000000002d90800 DEOPT UNPACKING pc=0x000000000f05582a sp=0x0000000002ceea38 mode 2
Event: 11.904 loading class com/android/dx/rop/cst/Zeroes
Event: 11.904 loading class com/android/dx/rop/cst/Zeroes done
Event: 11.926 loading class java/util/HashMap$KeySet
Event: 11.926 loading class java/util/HashMap$KeySet done
Event: 11.926 loading class java/util/HashMap$KeyIterator
Event: 11.926 loading class java/util/HashMap$KeyIterator done
Event: 11.985 loading class com/android/dx/dex/file/CatchStructs
Event: 11.985 loading class com/android/dx/dex/file/CatchStructs done


Dynamic libraries:
0x00007ff7b4250000 - 0x00007ff7b4287000 	C:\Program Files\Java\jdk1.8.0_45\bin\java.exe
0x00007ffdabab0000 - 0x00007ffdabc5c000 	C:\Windows\SYSTEM32\ntdll.dll
0x00007ffdab080000 - 0x00007ffdab1be000 	C:\Windows\system32\KERNEL32.DLL
0x00007ffda8cd0000 - 0x00007ffda8de5000 	C:\Windows\system32\KERNELBASE.dll
0x00007ffda7750000 - 0x00007ffda77de000 	C:\Windows\system32\apphelp.dll
0x00007ffd9d510000 - 0x00007ffd9d563000 	C:\Windows\AppPatch\AppPatch64\AcGenral.DLL
0x00007ffdab320000 - 0x00007ffdab3ca000 	C:\Windows\system32\msvcrt.dll
0x00007ffda89e0000 - 0x00007ffda8a0e000 	C:\Windows\SYSTEM32\SspiCli.dll
0x00007ffda9830000 - 0x00007ffda9884000 	C:\Windows\system32\SHLWAPI.dll
0x00007ffda9420000 - 0x00007ffda9597000 	C:\Windows\system32\USER32.dll
0x00007ffda9130000 - 0x00007ffda92c4000 	C:\Windows\system32\ole32.dll
0x00007ffda9aa0000 - 0x00007ffdaafb8000 	C:\Windows\system32\SHELL32.dll
0x00007ffda8150000 - 0x00007ffda8171000 	C:\Windows\SYSTEM32\USERENV.dll
0x00007ffda9890000 - 0x00007ffda993a000 	C:\Windows\system32\ADVAPI32.dll
0x00007ffda2fb0000 - 0x00007ffda2fce000 	C:\Windows\SYSTEM32\MPR.dll
0x00007ffdab3d0000 - 0x00007ffdab511000 	C:\Windows\system32\RPCRT4.dll
0x00007ffdaba50000 - 0x00007ffdabaa9000 	C:\Windows\SYSTEM32\sechost.dll
0x00007ffda9610000 - 0x00007ffda9821000 	C:\Windows\SYSTEM32\combase.dll
0x00007ffdab1c0000 - 0x00007ffdab311000 	C:\Windows\system32\GDI32.dll
0x00007ffda8c00000 - 0x00007ffda8c15000 	C:\Windows\SYSTEM32\profapi.dll
0x00007ffda7100000 - 0x00007ffda71b2000 	C:\Windows\SYSTEM32\SHCORE.dll
0x00007ffda92f0000 - 0x00007ffda9326000 	C:\Windows\system32\IMM32.DLL
0x00007ffda9940000 - 0x00007ffda9a92000 	C:\Windows\system32\MSCTF.dll
0x00007ffda8bb0000 - 0x00007ffda8be1000 	C:\Windows\system32\nvinitx.dll
0x00007ffda8ba0000 - 0x00007ffda8baa000 	C:\Windows\SYSTEM32\VERSION.dll
0x000000000f000000 - 0x000000000f006000 	C:\Program Files\NVIDIA Corporation\CoProcManager\_etoured.dll
0x00007ffda6ae0000 - 0x00007ffda6b11000 	C:\Program Files\NVIDIA Corporation\CoProcManager\nvd3d9wrapx.dll
0x00007ffdab520000 - 0x00007ffdab6fa000 	C:\Windows\system32\SETUPAPI.dll
0x00007ffda8f00000 - 0x00007ffda8f4f000 	C:\Windows\system32\CFGMGR32.dll
0x00007ffda6a20000 - 0x00007ffda6a42000 	C:\Program Files\NVIDIA Corporation\CoProcManager\nvdxgiwrapx.dll
0x00007ffda6c80000 - 0x00007ffda6efb000 	C:\Windows\WinSxS\amd64_microsoft.windows.common-controls_6595b64144ccf1df_6.0.9600.17784_none_624760d1ecb7236e\COMCTL32.dll
0x0000000067e60000 - 0x0000000067f32000 	C:\Program Files\Java\jdk1.8.0_45\jre\bin\msvcr100.dll
0x00000000683c0000 - 0x0000000068c43000 	C:\Program Files\Java\jdk1.8.0_45\jre\bin\server\jvm.dll
0x00007ffd9fe80000 - 0x00007ffd9fe89000 	C:\Windows\SYSTEM32\WSOCK32.dll
0x00007ffda6620000 - 0x00007ffda6642000 	C:\Windows\SYSTEM32\WINMM.dll
0x00007ffda92e0000 - 0x00007ffda92e7000 	C:\Windows\system32\PSAPI.DLL
0x00007ffdaafc0000 - 0x00007ffdab01a000 	C:\Windows\system32\WS2_32.dll
0x00007ffda6570000 - 0x00007ffda659a000 	C:\Windows\SYSTEM32\WINMMBASE.dll
0x00007ffdaba40000 - 0x00007ffdaba49000 	C:\Windows\system32\NSI.dll
0x00007ffda79a0000 - 0x00007ffda79c8000 	C:\Windows\SYSTEM32\DEVOBJ.dll
0x00000000682d0000 - 0x00000000682df000 	C:\Program Files\Java\jdk1.8.0_45\jre\bin\verify.dll
0x00000000682a0000 - 0x00000000682c9000 	C:\Program Files\Java\jdk1.8.0_45\jre\bin\java.dll
0x0000000068280000 - 0x0000000068296000 	C:\Program Files\Java\jdk1.8.0_45\jre\bin\zip.dll
0x00007ffda3850000 - 0x00007ffda39d9000 	C:\Windows\SYSTEM32\dbghelp.dll

VM Arguments:
jvm_args: -Xmx1024M -Dfile.encoding=windows-1251 -Duser.country=US -Duser.language=en -Duser.variant 
java_command: com.android.dx.command.Main --dex --output D:\AndroidNanodegree\SpotifyStreamer\app\build\intermediates\pre-dexed\debug\classes-9d89cb2f27a42057358d53c9e4686d6036a45764.jar D:\AndroidNanodegree\SpotifyStreamer\app\build\intermediates\exploded-aar\com.android.support\recyclerview-v7\22.2.0\jars\classes.jar
java_class_path (initial): D:\android-sdk\build-tools\22.0.1\lib\dx.jar
Launcher Type: SUN_STANDARD

Environment Variables:
PATH=C:\ProgramData\Oracle\Java\javapath;C:\Windows\system32;C:\Windows;C:\Windows\System32\Wbem;C:\Windows\System32\WindowsPowerShell\v1.0\;C:\Program Files\Intel\WiFi\bin\;C:\Program Files\Common Files\Intel\WirelessCommon\;C:\Program Files (x86)\NVIDIA Corporation\PhysX\Common;D:\android-sdk\platform-tools;D:\android-sdk\tools;C:\Program Files (x86)\Skype\Phone\;C:\Program Files\Intel\WiFi\bin\;C:\Program Files\Common Files\Intel\WirelessCommon\
USERNAME=Georgi
OS=Windows_NT
PROCESSOR_IDENTIFIER=Intel64 Family 6 Model 58 Stepping 9, GenuineIntel



---------------  S Y S T E M  ---------------

OS: Windows 8.1 , 64 bit Build 9600 (6.3.9600.17415)

CPU:total 8 (4 cores per cpu, 2 threads per core) family 6 model 58 stepping 9, cmov, cx8, fxsr, mmx, sse, sse2, sse3, ssse3, sse4.1, sse4.2, popcnt, avx, aes, clmul, erms, ht, tsc, tscinvbit, tscinv

Memory: 4k page, physical 8271456k(1455208k free), swap 9320032k(10844k free)

vm_info: Java HotSpot(TM) 64-Bit Server VM (25.45-b02) for windows-amd64 JRE (1.8.0_45-b15), built on Apr 30 2015 12:40:44 by "java_re" with MS VC++ 10.0 (VS2010)

time: Thu Jun 11 02:36:45 2015
elapsed time: 12 seconds (0d 0h 0m 12s)

